<?xml version="1.0" encoding="UTF-8"?>
<robot generator="Robot 3.1.1 (Python 3.7.1 on win32)" generated="20190219 15:18:00.000" rpa="false">
<suite id="s1" name="RobotProject1" source="C:\Users\giriganv\Desktop\Workspaces\Eclipse-2019\RobotProject1">
<suite id="s1-s1" name="RobotTests" source="C:\Users\giriganv\Desktop\Workspaces\Eclipse-2019\RobotProject1\RobotTests">
<suite id="s1-s1-s1" name="RobotTest1" source="C:\Users\giriganv\Desktop\Workspaces\Eclipse-2019\RobotProject1\RobotTests\RobotTest1.robot">
<test id="s1-s1-s1-t1" name="MyFirst Test">
<kw name="Log" library="BuiltIn">
<doc>Logs the given message with the given level.</doc>
<arguments>
<arg>Hello world...</arg>
</arguments>
<msg timestamp="20190219 15:18:00.343" level="INFO">Hello world...</msg>
<status status="PASS" starttime="20190219 15:18:00.342" endtime="20190219 15:18:00.343"></status>
</kw>
<status status="PASS" starttime="20190219 15:18:00.341" endtime="20190219 15:18:00.344" critical="yes"></status>
</test>
<test id="s1-s1-s1-t2" name="FirstSeleniumTest">
<kw name="Open Browser" library="SeleniumLibrary">
<doc>Opens a new browser instance to the given ``url``.</doc>
<arguments>
<arg>https://google.com</arg>
<arg>${Browser}</arg>
</arguments>
<msg timestamp="20190219 15:18:00.346" level="INFO">Opening browser 'chrome' to base url 'https://google.com'.</msg>
<status status="PASS" starttime="20190219 15:18:00.345" endtime="20190219 15:18:02.976"></status>
</kw>
<kw name="Set Browser Implicit Wait" library="SeleniumLibrary">
<doc>Sets the implicit wait value used by Selenium.</doc>
<arguments>
<arg>5</arg>
</arguments>
<status status="PASS" starttime="20190219 15:18:02.977" endtime="20190219 15:18:02.981"></status>
</kw>
<kw name="Input Text" library="SeleniumLibrary">
<doc>Types the given ``text`` into text field identified by ``locator``.</doc>
<arguments>
<arg>name=q</arg>
<arg>venkateshwarlu girigani</arg>
</arguments>
<msg timestamp="20190219 15:18:02.983" level="INFO">Typing text 'venkateshwarlu girigani' into text field 'name=q'.</msg>
<status status="PASS" starttime="20190219 15:18:02.982" endtime="20190219 15:18:03.300"></status>
</kw>
<kw name="Press Keys" library="SeleniumLibrary">
<doc>Simulates user pressing key(s) to an element or on the active browser.</doc>
<arguments>
<arg>name=q</arg>
<arg>ENTER</arg>
</arguments>
<msg timestamp="20190219 15:18:03.301" level="INFO">Sending key(s) ('ENTER',) to name=q element.</msg>
<msg timestamp="20190219 15:18:03.311" level="INFO">Pressing special key ENTER to element.</msg>
<status status="PASS" starttime="20190219 15:18:03.300" endtime="20190219 15:18:04.141"></status>
</kw>
<kw name="Close Browser" library="SeleniumLibrary">
<doc>Closes the current browser.</doc>
<status status="PASS" starttime="20190219 15:18:04.142" endtime="20190219 15:18:06.326"></status>
</kw>
<status status="PASS" starttime="20190219 15:18:00.344" endtime="20190219 15:18:06.327" critical="yes"></status>
</test>
<test id="s1-s1-s1-t3" name="FaceBookLogin">
<kw name="Open Browser" library="SeleniumLibrary">
<doc>Opens a new browser instance to the given ``url``.</doc>
<arguments>
<arg>${url}</arg>
<arg>${Browser}</arg>
</arguments>
<msg timestamp="20190219 15:18:06.334" level="INFO">Opening browser 'chrome' to base url 'https://www.facebook.com/'.</msg>
<status status="PASS" starttime="20190219 15:18:06.331" endtime="20190219 15:18:09.442"></status>
</kw>
<kw name="Set Browser Implicit Wait" library="SeleniumLibrary">
<doc>Sets the implicit wait value used by Selenium.</doc>
<arguments>
<arg>5</arg>
</arguments>
<status status="PASS" starttime="20190219 15:18:09.443" endtime="20190219 15:18:09.449"></status>
</kw>
<kw name="Input Text" library="SeleniumLibrary">
<doc>Types the given ``text`` into text field identified by ``locator``.</doc>
<arguments>
<arg>name=email</arg>
<arg>@{CREDENTIALS}[0]</arg>
</arguments>
<msg timestamp="20190219 15:18:09.451" level="INFO">Typing text '8106999519' into text field 'name=email'.</msg>
<status status="PASS" starttime="20190219 15:18:09.450" endtime="20190219 15:18:09.954"></status>
</kw>
<kw name="Input Text" library="SeleniumLibrary">
<doc>Types the given ``text`` into text field identified by ``locator``.</doc>
<arguments>
<arg>id=pass</arg>
<arg>@{CREDENTIALS}[1]</arg>
</arguments>
<msg timestamp="20190219 15:18:09.956" level="INFO">Typing text 'svenkat125' into text field 'id=pass'.</msg>
<status status="PASS" starttime="20190219 15:18:09.955" endtime="20190219 15:18:10.171"></status>
</kw>
<kw name="Press Keys" library="SeleniumLibrary">
<doc>Simulates user pressing key(s) to an element or on the active browser.</doc>
<arguments>
<arg>id=pass</arg>
<arg>ENTER</arg>
</arguments>
<msg timestamp="20190219 15:18:10.173" level="INFO">Sending key(s) ('ENTER',) to id=pass element.</msg>
<msg timestamp="20190219 15:18:10.188" level="INFO">Pressing special key ENTER to element.</msg>
<status status="PASS" starttime="20190219 15:18:10.172" endtime="20190219 15:18:16.312"></status>
</kw>
<status status="PASS" starttime="20190219 15:18:06.329" endtime="20190219 15:18:16.313" critical="yes"></status>
</test>
<status status="PASS" starttime="20190219 15:18:00.089" endtime="20190219 15:18:16.315"></status>
</suite>
<status status="PASS" starttime="20190219 15:18:00.086" endtime="20190219 15:18:16.322"></status>
</suite>
<status status="PASS" starttime="20190219 15:18:00.056" endtime="20190219 15:18:16.329"></status>
</suite>
<statistics>
<total>
<stat pass="3" fail="0">Critical Tests</stat>
<stat pass="3" fail="0">All Tests</stat>
</total>
<tag>
</tag>
<suite>
<stat pass="3" fail="0" id="s1" name="RobotProject1">RobotProject1</stat>
<stat pass="3" fail="0" id="s1-s1" name="RobotTests">RobotProject1.RobotTests</stat>
<stat pass="3" fail="0" id="s1-s1-s1" name="RobotTest1">RobotProject1.RobotTests.RobotTest1</stat>
</suite>
</statistics>
<errors>
</errors>
</robot>
